<?xml version="1.0" encoding="UTF-8"?>
<testng-results skipped="0" failed="0" total="1" passed="1">
  <reporter-output>
  </reporter-output>
  <suite name="Default suite" duration-ms="51716" started-at="2018-05-27T10:09:35Z" finished-at="2018-05-27T10:10:27Z">
    <groups>
    </groups>
    <test name="Default test" duration-ms="51716" started-at="2018-05-27T10:09:35Z" finished-at="2018-05-27T10:10:27Z">
      <class name="testcases.TC_001_PayPal">
        <test-method status="PASS" signature="beforeSuite()[pri:0, instance:testcases.TC_001_PayPal@f93f1]" name="beforeSuite" is-config="true" duration-ms="1427" started-at="2018-05-27T15:39:34Z" finished-at="2018-05-27T15:39:35Z">
          <reporter-output>
          </reporter-output>
        </test-method> <!-- beforeSuite -->
        <test-method status="PASS" signature="setData()[pri:0, instance:testcases.TC_001_PayPal@f93f1]" name="setData" is-config="true" duration-ms="0" started-at="2018-05-27T15:39:35Z" finished-at="2018-05-27T15:39:35Z">
          <reporter-output>
          </reporter-output>
        </test-method> <!-- setData -->
        <test-method status="PASS" signature="beforeClass()[pri:0, instance:testcases.TC_001_PayPal@f93f1]" name="beforeClass" is-config="true" duration-ms="4" started-at="2018-05-27T15:39:35Z" finished-at="2018-05-27T15:39:35Z">
          <reporter-output>
          </reporter-output>
        </test-method> <!-- beforeClass -->
        <test-method status="PASS" signature="beforeMethod()[pri:0, instance:testcases.TC_001_PayPal@f93f1]" name="beforeMethod" is-config="true" duration-ms="16890" started-at="2018-05-27T15:39:37Z" finished-at="2018-05-27T15:39:54Z">
          <reporter-output>
          </reporter-output>
        </test-method> <!-- beforeMethod -->
        <test-method status="PASS" signature="payPal(java.lang.String, java.lang.String, java.lang.String)[pri:0, instance:testcases.TC_001_PayPal@f93f1]" name="payPal" duration-ms="30882" started-at="2018-05-27T15:39:54Z" data-provider="fetchData" finished-at="2018-05-27T15:40:25Z">
          <params>
            <param index="0">
              <value>
                <![CDATA[gayatrik469@gmail.com]]>
              </value>
            </param>
            <param index="1">
              <value>
                <![CDATA[gayatrivgs9]]>
              </value>
            </param>
            <param index="2">
              <value>
                <![CDATA[gayatrivgs9]]>
              </value>
            </param>
          </params>
          <reporter-output>
          </reporter-output>
        </test-method> <!-- payPal -->
        <test-method status="PASS" signature="afterMethod()[pri:0, instance:testcases.TC_001_PayPal@f93f1]" name="afterMethod" is-config="true" duration-ms="1417" started-at="2018-05-27T15:40:25Z" finished-at="2018-05-27T15:40:27Z">
          <reporter-output>
          </reporter-output>
        </test-method> <!-- afterMethod -->
        <test-method status="PASS" signature="afterTest()[pri:0, instance:testcases.TC_001_PayPal@f93f1]" name="afterTest" is-config="true" duration-ms="1" started-at="2018-05-27T15:40:27Z" finished-at="2018-05-27T15:40:27Z">
          <reporter-output>
          </reporter-output>
        </test-method> <!-- afterTest -->
        <test-method status="PASS" signature="afterSuite()[pri:0, instance:testcases.TC_001_PayPal@f93f1]" name="afterSuite" is-config="true" duration-ms="1337" started-at="2018-05-27T15:40:27Z" finished-at="2018-05-27T15:40:28Z">
          <reporter-output>
          </reporter-output>
        </test-method> <!-- afterSuite -->
      </class> <!-- testcases.TC_001_PayPal -->
    </test> <!-- Default test -->
  </suite> <!-- Default suite -->
</testng-results>
